<?xml version="1.0" encoding="UTF-8"?>
<testsuite name="com.metrocuadrado.runners.FindProperty" tests="0" skipped="0" failures="0" errors="0" timestamp="1970-01-01T00:00:00" hostname="camduc" time="0.0">
  <properties/>
  <system-out><![CDATA[
0 Scenarios
0 Steps
0m0,002s

]]></system-out>
  <system-err><![CDATA[[Test worker] INFO net.thucydides.core.steps.ConsoleLoggingListener - Test Suite Started: Find Property
]]></system-err>
</testsuite>
