<?xml version="1.0" encoding="UTF-8"?>
<testsuite name="insurance calculator" tests="1" skipped="0" failures="0" errors="0" timestamp="2018-12-21T21:06:29" hostname="camduc" time="35.342">
  <properties/>
  <testcase name="successful insurance calculator" classname="insurance calculator" time="35.342"/>
  <system-out><![CDATA[]]></system-out>
  <system-err><![CDATA[dic 21, 2018 4:06:29 PM org.openqa.selenium.remote.DesiredCapabilities chrome
INFORMACIÓN: Using `new ChromeOptions()` is preferred to `DesiredCapabilities.chrome()`
dic 21, 2018 4:06:32 PM org.openqa.selenium.remote.ProtocolHandshake createSession
INFORMACIÓN: Detected dialect: OSS
[Test worker] INFO net.thucydides.core.steps.ConsoleLoggingListener - 
        __    _____ _____ ____ _____   ____   _    ____  ____  _____ ____  
  _     \ \  |_   _| ____/ ___|_   _| |  _ \ / \  / ___|/ ___|| ____|  _ \ 
 (_)_____| |   | | |  _| \___ \ | |   | |_) / _ \ \___ \\___ \|  _| | | | |
  _|_____| |   | | | |___ ___) || |   |  __/ ___ \ ___) |___) | |___| |_| |
 (_)     | |   |_| |_____|____/ |_|   |_| /_/   \_\____/|____/|_____|____/ 
        /_/                                                                

TEST PASSED: successful insurance calculator
----------------------------------------------------------------------------
]]></system-err>
</testsuite>
